0 verbose cli C:\Program Files\nodejs\node.exe C:\Users\Usuário\AppData\Roaming\npm\node_modules\npm\bin\npm-cli.js
1 info using npm@11.12.1
2 info using node@v24.11.1
3 silly config load:file:C:\Users\Usuário\AppData\Roaming\npm\node_modules\npm\npmrc
4 silly config load:file:D:\Vitor_Tec\Bookstore_Manager_CLI\.npmrc
5 silly config load:file:C:\Users\Usuário\.npmrc
6 silly config load:file:C:\Users\Usuário\AppData\Roaming\npm\etc\npmrc
7 verbose title npm install
8 verbose argv "install"
9 verbose logfile logs-max:10 dir:D:\Vitor_Tec\Bookstore_Manager_CLI\npm-cache\_logs\2026-07-14T00_02_30_167Z-
10 verbose logfile D:\Vitor_Tec\Bookstore_Manager_CLI\npm-cache\_logs\2026-07-14T00_02_30_167Z-debug-0.log
11 silly logfile start cleaning logs, removing 1 files
12 silly packumentCache heap:4496293888 maxSize:1124073472 maxEntrySize:562036736
13 silly logfile done cleaning log files
14 silly idealTree buildDeps
15 silly fetch manifest typescript@^5.0.0
16 silly packumentCache full:https://registry.npmjs.org/typescript cache-miss
17 http fetch GET 200 https://registry.npmjs.org/typescript 219ms (cache revalidated)
18 silly packumentCache full:https://registry.npmjs.org/typescript set size:15435925 disposed:false
19 silly placeDep ROOT typescript@5.9.3 REPLACE for: bookstore_manager_cli@1.0.0 want: ^5.0.0
20 silly reify mark retired [
20 silly reify   'D:\\Vitor_Tec\\Bookstore_Manager_CLI\\node_modules\\@cspotcode\\source-map-support'
20 silly reify ]
21 silly reify mark retired [
21 silly reify   'D:\\Vitor_Tec\\Bookstore_Manager_CLI\\node_modules\\@jridgewell\\resolve-uri'
21 silly reify ]
22 silly reify mark retired [
22 silly reify   'D:\\Vitor_Tec\\Bookstore_Manager_CLI\\node_modules\\@jridgewell\\sourcemap-codec'
22 silly reify ]
23 silly reify mark retired [
23 silly reify   'D:\\Vitor_Tec\\Bookstore_Manager_CLI\\node_modules\\@jridgewell\\trace-mapping'
23 silly reify ]
24 silly reify mark retired [
24 silly reify   'D:\\Vitor_Tec\\Bookstore_Manager_CLI\\node_modules\\@tsconfig\\node10'
24 silly reify ]
25 silly reify mark retired [
25 silly reify   'D:\\Vitor_Tec\\Bookstore_Manager_CLI\\node_modules\\@tsconfig\\node12'
25 silly reify ]
26 silly reify mark retired [
26 silly reify   'D:\\Vitor_Tec\\Bookstore_Manager_CLI\\node_modules\\@tsconfig\\node14'
26 silly reify ]
27 silly reify mark retired [
27 silly reify   'D:\\Vitor_Tec\\Bookstore_Manager_CLI\\node_modules\\@tsconfig\\node16'
27 silly reify ]
28 silly reify mark retired [
28 silly reify   'D:\\Vitor_Tec\\Bookstore_Manager_CLI\\node_modules\\@typescript\\typescript-win32-x64'
28 silly reify ]
29 silly reify mark retired [
29 silly reify   'D:\\Vitor_Tec\\Bookstore_Manager_CLI\\node_modules\\acorn',
29 silly reify   'D:\\Vitor_Tec\\Bookstore_Manager_CLI\\node_modules\\.bin\\acorn',
29 silly reify   'D:\\Vitor_Tec\\Bookstore_Manager_CLI\\node_modules\\.bin\\acorn.cmd',
29 silly reify   'D:\\Vitor_Tec\\Bookstore_Manager_CLI\\node_modules\\.bin\\acorn.ps1'
29 silly reify ]
30 silly reify mark retired [ 'D:\\Vitor_Tec\\Bookstore_Manager_CLI\\node_modules\\acorn-walk' ]
31 silly reify mark retired [ 'D:\\Vitor_Tec\\Bookstore_Manager_CLI\\node_modules\\arg' ]
32 silly reify mark retired [
32 silly reify   'D:\\Vitor_Tec\\Bookstore_Manager_CLI\\node_modules\\create-require'
32 silly reify ]
33 silly reify mark retired [ 'D:\\Vitor_Tec\\Bookstore_Manager_CLI\\node_modules\\diff' ]
34 silly reify mark retired [ 'D:\\Vitor_Tec\\Bookstore_Manager_CLI\\node_modules\\make-error' ]
35 silly reify mark retired [
35 silly reify   'D:\\Vitor_Tec\\Bookstore_Manager_CLI\\node_modules\\ts-node',
35 silly reify   'D:\\Vitor_Tec\\Bookstore_Manager_CLI\\node_modules\\.bin\\ts-node',
35 silly reify   'D:\\Vitor_Tec\\Bookstore_Manager_CLI\\node_modules\\.bin\\ts-node.cmd',
35 silly reify   'D:\\Vitor_Tec\\Bookstore_Manager_CLI\\node_modules\\.bin\\ts-node.ps1',
35 silly reify   'D:\\Vitor_Tec\\Bookstore_Manager_CLI\\node_modules\\.bin\\ts-node-cwd',
35 silly reify   'D:\\Vitor_Tec\\Bookstore_Manager_CLI\\node_modules\\.bin\\ts-node-cwd.cmd',
35 silly reify   'D:\\Vitor_Tec\\Bookstore_Manager_CLI\\node_modules\\.bin\\ts-node-cwd.ps1',
35 silly reify   'D:\\Vitor_Tec\\Bookstore_Manager_CLI\\node_modules\\.bin\\ts-node-esm',
35 silly reify   'D:\\Vitor_Tec\\Bookstore_Manager_CLI\\node_modules\\.bin\\ts-node-esm.cmd',
35 silly reify   'D:\\Vitor_Tec\\Bookstore_Manager_CLI\\node_modules\\.bin\\ts-node-esm.ps1',
35 silly reify   'D:\\Vitor_Tec\\Bookstore_Manager_CLI\\node_modules\\.bin\\ts-node-script',
35 silly reify   'D:\\Vitor_Tec\\Bookstore_Manager_CLI\\node_modules\\.bin\\ts-node-script.cmd',
35 silly reify   'D:\\Vitor_Tec\\Bookstore_Manager_CLI\\node_modules\\.bin\\ts-node-script.ps1',
35 silly reify   'D:\\Vitor_Tec\\Bookstore_Manager_CLI\\node_modules\\.bin\\ts-node-transpile-only',
35 silly reify   'D:\\Vitor_Tec\\Bookstore_Manager_CLI\\node_modules\\.bin\\ts-node-transpile-only.cmd',
35 silly reify   'D:\\Vitor_Tec\\Bookstore_Manager_CLI\\node_modules\\.bin\\ts-node-transpile-only.ps1',
35 silly reify   'D:\\Vitor_Tec\\Bookstore_Manager_CLI\\node_modules\\.bin\\ts-script',
35 silly reify   'D:\\Vitor_Tec\\Bookstore_Manager_CLI\\node_modules\\.bin\\ts-script.cmd',
35 silly reify   'D:\\Vitor_Tec\\Bookstore_Manager_CLI\\node_modules\\.bin\\ts-script.ps1'
35 silly reify ]
36 silly reify mark retired [
36 silly reify   'D:\\Vitor_Tec\\Bookstore_Manager_CLI\\node_modules\\typescript',
36 silly reify   'D:\\Vitor_Tec\\Bookstore_Manager_CLI\\node_modules\\.bin\\tsc',
36 silly reify   'D:\\Vitor_Tec\\Bookstore_Manager_CLI\\node_modules\\.bin\\tsc.cmd',
36 silly reify   'D:\\Vitor_Tec\\Bookstore_Manager_CLI\\node_modules\\.bin\\tsc.ps1'
36 silly reify ]
37 silly reify mark retired [
37 silly reify   'D:\\Vitor_Tec\\Bookstore_Manager_CLI\\node_modules\\v8-compile-cache-lib'
37 silly reify ]
38 silly reify mark retired [ 'D:\\Vitor_Tec\\Bookstore_Manager_CLI\\node_modules\\yn' ]
39 silly reify moves {
39 silly reify   'D:\\Vitor_Tec\\Bookstore_Manager_CLI\\node_modules\\@cspotcode\\source-map-support': 'D:\\Vitor_Tec\\Bookstore_Manager_CLI\\node_modules\\@cspotcode\\.source-map-support-n0Rs0oQD',
39 silly reify   'D:\\Vitor_Tec\\Bookstore_Manager_CLI\\node_modules\\@jridgewell\\resolve-uri': 'D:\\Vitor_Tec\\Bookstore_Manager_CLI\\node_modules\\@jridgewell\\.resolve-uri-IdpgnhZg',
39 silly reify   'D:\\Vitor_Tec\\Bookstore_Manager_CLI\\node_modules\\@jridgewell\\sourcemap-codec': 'D:\\Vitor_Tec\\Bookstore_Manager_CLI\\node_modules\\@jridgewell\\.sourcemap-codec-7KmKzwPD',
39 silly reify   'D:\\Vitor_Tec\\Bookstore_Manager_CLI\\node_modules\\@jridgewell\\trace-mapping': 'D:\\Vitor_Tec\\Bookstore_Manager_CLI\\node_modules\\@jridgewell\\.trace-mapping-FGWvsaUF',
39 silly reify   'D:\\Vitor_Tec\\Bookstore_Manager_CLI\\node_modules\\@tsconfig\\node10': 'D:\\Vitor_Tec\\Bookstore_Manager_CLI\\node_modules\\@tsconfig\\.node10-1amcGLPG',
39 silly reify   'D:\\Vitor_Tec\\Bookstore_Manager_CLI\\node_modules\\@tsconfig\\node12': 'D:\\Vitor_Tec\\Bookstore_Manager_CLI\\node_modules\\@tsconfig\\.node12-AqKU59mq',
39 silly reify   'D:\\Vitor_Tec\\Bookstore_Manager_CLI\\node_modules\\@tsconfig\\node14': 'D:\\Vitor_Tec\\Bookstore_Manager_CLI\\node_modules\\@tsconfig\\.node14-vVUiLV5A',
39 silly reify   'D:\\Vitor_Tec\\Bookstore_Manager_CLI\\node_modules\\@tsconfig\\node16': 'D:\\Vitor_Tec\\Bookstore_Manager_CLI\\node_modules\\@tsconfig\\.node16-0hAhlmsv',
39 silly reify   'D:\\Vitor_Tec\\Bookstore_Manager_CLI\\node_modules\\@typescript\\typescript-win32-x64': 'D:\\Vitor_Tec\\Bookstore_Manager_CLI\\node_modules\\@typescript\\.typescript-win32-x64-dgAmhOaF',
39 silly reify   'D:\\Vitor_Tec\\Bookstore_Manager_CLI\\node_modules\\acorn': 'D:\\Vitor_Tec\\Bookstore_Manager_CLI\\node_modules\\.acorn-tJn8NaIv',
39 silly reify   'D:\\Vitor_Tec\\Bookstore_Manager_CLI\\node_modules\\.bin\\acorn': 'D:\\Vitor_Tec\\Bookstore_Manager_CLI\\node_modules\\.bin\\.acorn-CA7M7XPw',
39 silly reify   'D:\\Vitor_Tec\\Bookstore_Manager_CLI\\node_modules\\.bin\\acorn.cmd': 'D:\\Vitor_Tec\\Bookstore_Manager_CLI\\node_modules\\.bin\\.acorn.cmd-eusMFQUi',
39 silly reify   'D:\\Vitor_Tec\\Bookstore_Manager_CLI\\node_modules\\.bin\\acorn.ps1': 'D:\\Vitor_Tec\\Bookstore_Manager_CLI\\node_modules\\.bin\\.acorn.ps1-2pVGwuLG',
39 silly reify   'D:\\Vitor_Tec\\Bookstore_Manager_CLI\\node_modules\\acorn-walk': 'D:\\Vitor_Tec\\Bookstore_Manager_CLI\\node_modules\\.acorn-walk-PjcaDcds',
39 silly reify   'D:\\Vitor_Tec\\Bookstore_Manager_CLI\\node_modules\\arg': 'D:\\Vitor_Tec\\Bookstore_Manager_CLI\\node_modules\\.arg-5CY687Wc',
39 silly reify   'D:\\Vitor_Tec\\Bookstore_Manager_CLI\\node_modules\\create-require': 'D:\\Vitor_Tec\\Bookstore_Manager_CLI\\node_modules\\.create-require-BZKhsTdx',
39 silly reify   'D:\\Vitor_Tec\\Bookstore_Manager_CLI\\node_modules\\diff': 'D:\\Vitor_Tec\\Bookstore_Manager_CLI\\node_modules\\.diff-LWjkkcdC',
39 silly reify   'D:\\Vitor_Tec\\Bookstore_Manager_CLI\\node_modules\\make-error': 'D:\\Vitor_Tec\\Bookstore_Manager_CLI\\node_modules\\.make-error-jRdFNOV5',
39 silly reify   'D:\\Vitor_Tec\\Bookstore_Manager_CLI\\node_modules\\ts-node': 'D:\\Vitor_Tec\\Bookstore_Manager_CLI\\node_modules\\.ts-node-OpD2CKos',
39 silly reify   'D:\\Vitor_Tec\\Bookstore_Manager_CLI\\node_modules\\.bin\\ts-node': 'D:\\Vitor_Tec\\Bookstore_Manager_CLI\\node_modules\\.bin\\.ts-node-12ver5Ln',
39 silly reify   'D:\\Vitor_Tec\\Bookstore_Manager_CLI\\node_modules\\.bin\\ts-node.cmd': 'D:\\Vitor_Tec\\Bookstore_Manager_CLI\\node_modules\\.bin\\.ts-node.cmd-Z2MuCACk',
39 silly reify   'D:\\Vitor_Tec\\Bookstore_Manager_CLI\\node_modules\\.bin\\ts-node.ps1': 'D:\\Vitor_Tec\\Bookstore_Manager_CLI\\node_modules\\.bin\\.ts-node.ps1-VC8yTjpi',
39 silly reify   'D:\\Vitor_Tec\\Bookstore_Manager_CLI\\node_modules\\.bin\\ts-node-cwd': 'D:\\Vitor_Tec\\Bookstore_Manager_CLI\\node_modules\\.bin\\.ts-node-cwd-yItxYwTo',
39 silly reify   'D:\\Vitor_Tec\\Bookstore_Manager_CLI\\node_modules\\.bin\\ts-node-cwd.cmd': 'D:\\Vitor_Tec\\Bookstore_Manager_CLI\\node_modules\\.bin\\.ts-node-cwd.cmd-9lmr8qjY',
39 silly reify   'D:\\Vitor_Tec\\Bookstore_Manager_CLI\\node_modules\\.bin\\ts-node-cwd.ps1': 'D:\\Vitor_Tec\\Bookstore_Manager_CLI\\node_modules\\.bin\\.ts-node-cwd.ps1-1k79xoEU',
39 silly reify   'D:\\Vitor_Tec\\Bookstore_Manager_CLI\\node_modules\\.bin\\ts-node-esm': 'D:\\Vitor_Tec\\Bookstore_Manager_CLI\\node_modules\\.bin\\.ts-node-esm-DjtIl3mL',
39 silly reify   'D:\\Vitor_Tec\\Bookstore_Manager_CLI\\node_modules\\.bin\\ts-node-esm.cmd': 'D:\\Vitor_Tec\\Bookstore_Manager_CLI\\node_modules\\.bin\\.ts-node-esm.cmd-s0myfqFQ',
39 silly reify   'D:\\Vitor_Tec\\Bookstore_Manager_CLI\\node_modules\\.bin\\ts-node-esm.ps1': 'D:\\Vitor_Tec\\Bookstore_Manager_CLI\\node_modules\\.bin\\.ts-node-esm.ps1-lbQnQihB',
39 silly reify   'D:\\Vitor_Tec\\Bookstore_Manager_CLI\\node_modules\\.bin\\ts-node-script': 'D:\\Vitor_Tec\\Bookstore_Manager_CLI\\node_modules\\.bin\\.ts-node-script-0j1lY91R',
39 silly reify   'D:\\Vitor_Tec\\Bookstore_Manager_CLI\\node_modules\\.bin\\ts-node-script.cmd': 'D:\\Vitor_Tec\\Bookstore_Manager_CLI\\node_modules\\.bin\\.ts-node-script.cmd-thnGtzL0',
39 silly reify   'D:\\Vitor_Tec\\Bookstore_Manager_CLI\\node_modules\\.bin\\ts-node-script.ps1': 'D:\\Vitor_Tec\\Bookstore_Manager_CLI\\node_modules\\.bin\\.ts-node-script.ps1-6yKkPSWw',
39 silly reify   'D:\\Vitor_Tec\\Bookstore_Manager_CLI\\node_modules\\.bin\\ts-node-transpile-only': 'D:\\Vitor_Tec\\Bookstore_Manager_CLI\\node_modules\\.bin\\.ts-node-transpile-only-yGv5JRmj',
39 silly reify   'D:\\Vitor_Tec\\Bookstore_Manager_CLI\\node_modules\\.bin\\ts-node-transpile-only.cmd': 'D:\\Vitor_Tec\\Bookstore_Manager_CLI\\node_modules\\.bin\\.ts-node-transpile-only.cmd-3YSjh5nE',
39 silly reify   'D:\\Vitor_Tec\\Bookstore_Manager_CLI\\node_modules\\.bin\\ts-node-transpile-only.ps1': 'D:\\Vitor_Tec\\Bookstore_Manager_CLI\\node_modules\\.bin\\.ts-node-transpile-only.ps1-324ggFHN',
39 silly reify   'D:\\Vitor_Tec\\Bookstore_Manager_CLI\\node_modules\\.bin\\ts-script': 'D:\\Vitor_Tec\\Bookstore_Manager_CLI\\node_modules\\.bin\\.ts-script-0Dg9wjvX',
39 silly reify   'D:\\Vitor_Tec\\Bookstore_Manager_CLI\\node_modules\\.bin\\ts-script.cmd': 'D:\\Vitor_Tec\\Bookstore_Manager_CLI\\node_modules\\.bin\\.ts-script.cmd-vheSrypq',
39 silly reify   'D:\\Vitor_Tec\\Bookstore_Manager_CLI\\node_modules\\.bin\\ts-script.ps1': 'D:\\Vitor_Tec\\Bookstore_Manager_CLI\\node_modules\\.bin\\.ts-script.ps1-r6HUiNyg',
39 silly reify   'D:\\Vitor_Tec\\Bookstore_Manager_CLI\\node_modules\\typescript': 'D:\\Vitor_Tec\\Bookstore_Manager_CLI\\node_modules\\.typescript-FqbNWzSd',
39 silly reify   'D:\\Vitor_Tec\\Bookstore_Manager_CLI\\node_modules\\.bin\\tsc': 'D:\\Vitor_Tec\\Bookstore_Manager_CLI\\node_modules\\.bin\\.tsc-1tEulaJA',
39 silly reify   'D:\\Vitor_Tec\\Bookstore_Manager_CLI\\node_modules\\.bin\\tsc.cmd': 'D:\\Vitor_Tec\\Bookstore_Manager_CLI\\node_modules\\.bin\\.tsc.cmd-78uS4Psx',
39 silly reify   'D:\\Vitor_Tec\\Bookstore_Manager_CLI\\node_modules\\.bin\\tsc.ps1': 'D:\\Vitor_Tec\\Bookstore_Manager_CLI\\node_modules\\.bin\\.tsc.ps1-Fv63AUsY',
39 silly reify   'D:\\Vitor_Tec\\Bookstore_Manager_CLI\\node_modules\\v8-compile-cache-lib': 'D:\\Vitor_Tec\\Bookstore_Manager_CLI\\node_modules\\.v8-compile-cache-lib-W20Df8dS',
39 silly reify   'D:\\Vitor_Tec\\Bookstore_Manager_CLI\\node_modules\\yn': 'D:\\Vitor_Tec\\Bookstore_Manager_CLI\\node_modules\\.yn-hMc79gRP'
39 silly reify }
40 silly audit bulk request {
40 silly audit   '@esbuild/aix-ppc64': [ '0.28.1' ],
40 silly audit   '@esbuild/android-arm': [ '0.28.1' ],
40 silly audit   '@esbuild/android-arm64': [ '0.28.1' ],
40 silly audit   '@esbuild/android-x64': [ '0.28.1' ],
40 silly audit   '@esbuild/darwin-arm64': [ '0.28.1' ],
40 silly audit   '@esbuild/darwin-x64': [ '0.28.1' ],
40 silly audit   '@esbuild/freebsd-arm64': [ '0.28.1' ],
40 silly audit   '@esbuild/freebsd-x64': [ '0.28.1' ],
40 silly audit   '@esbuild/linux-arm': [ '0.28.1' ],
40 silly audit   '@esbuild/linux-arm64': [ '0.28.1' ],
40 silly audit   '@esbuild/linux-ia32': [ '0.28.1' ],
40 silly audit   '@esbuild/linux-loong64': [ '0.28.1' ],
40 silly audit   '@esbuild/linux-mips64el': [ '0.28.1' ],
40 silly audit   '@esbuild/linux-ppc64': [ '0.28.1' ],
40 silly audit   '@esbuild/linux-riscv64': [ '0.28.1' ],
40 silly audit   '@esbuild/linux-s390x': [ '0.28.1' ],
40 silly audit   '@esbuild/linux-x64': [ '0.28.1' ],
40 silly audit   '@esbuild/netbsd-arm64': [ '0.28.1' ],
40 silly audit   '@esbuild/netbsd-x64': [ '0.28.1' ],
40 silly audit   '@esbuild/openbsd-arm64': [ '0.28.1' ],
40 silly audit   '@esbuild/openbsd-x64': [ '0.28.1' ],
40 silly audit   '@esbuild/openharmony-arm64': [ '0.28.1' ],
40 silly audit   '@esbuild/sunos-x64': [ '0.28.1' ],
40 silly audit   '@esbuild/win32-arm64': [ '0.28.1' ],
40 silly audit   '@esbuild/win32-ia32': [ '0.28.1' ],
40 silly audit   '@esbuild/win32-x64': [ '0.28.1' ],
40 silly audit   '@types/node': [ '26.1.1' ],
40 silly audit   esbuild: [ '0.28.1' ],
40 silly audit   fsevents: [ '2.3.3' ],
40 silly audit   tsx: [ '4.23.1' ],
40 silly audit   'undici-types': [ '8.3.0' ],
40 silly audit   typescript: [ '5.9.3' ]
40 silly audit }
41 http cache typescript@https://registry.npmjs.org/typescript/-/typescript-5.9.3.tgz 0ms (cache hit)
42 silly tarball no local data for typescript@https://registry.npmjs.org/typescript/-/typescript-5.9.3.tgz. Extracting by manifest.
43 http fetch POST 200 https://registry.npmjs.org/-/npm/v1/security/advisories/bulk 240ms
44 silly audit report {}
45 http fetch GET 200 https://registry.npmjs.org/typescript/-/typescript-5.9.3.tgz 763ms (cache miss)
46 silly REMOVE node_modules/yn
47 silly REMOVE node_modules/v8-compile-cache-lib
48 silly CHANGE node_modules/typescript
49 silly REMOVE node_modules/ts-node
50 silly REMOVE node_modules/make-error
51 silly REMOVE node_modules/diff
52 silly REMOVE node_modules/create-require
53 silly REMOVE node_modules/arg
54 silly REMOVE node_modules/acorn-walk
55 silly REMOVE node_modules/acorn
56 silly REMOVE node_modules/@typescript/typescript-win32-x64
57 silly REMOVE node_modules/@tsconfig/node16
58 silly REMOVE node_modules/@tsconfig/node14
59 silly REMOVE node_modules/@tsconfig/node12
60 silly REMOVE node_modules/@tsconfig/node10
61 silly REMOVE node_modules/@jridgewell/trace-mapping
62 silly REMOVE node_modules/@jridgewell/sourcemap-codec
63 silly REMOVE node_modules/@jridgewell/resolve-uri
64 silly REMOVE node_modules/@cspotcode/source-map-support
65 verbose cwd D:\Vitor_Tec\Bookstore_Manager_CLI
66 verbose os Windows_NT 10.0.26200
67 verbose node v24.11.1
68 verbose npm  v11.12.1
69 verbose exit 0
70 info ok
