0 verbose cli C:\Program Files\nodejs\node.exe C:\Users\Usuário\AppData\Roaming\npm\node_modules\npm\bin\npm-cli.js
1 info using npm@11.12.1
2 info using node@v24.11.1
3 silly config load:file:C:\Users\Usuário\AppData\Roaming\npm\node_modules\npm\npmrc
4 silly config load:file:D:\Vitor_Tec\Bookstore_Manager_CLI\.npmrc
5 silly config load:file:C:\Users\Usuário\.npmrc
6 silly config load:file:C:\Users\Usuário\AppData\Roaming\npm\etc\npmrc
7 verbose title npm install tsx
8 verbose argv "install" "--save-dev" "tsx"
9 verbose logfile logs-max:10 dir:D:\Vitor_Tec\Bookstore_Manager_CLI\npm-cache\_logs\2026-07-14T00_01_51_595Z-
10 verbose logfile D:\Vitor_Tec\Bookstore_Manager_CLI\npm-cache\_logs\2026-07-14T00_01_51_595Z-debug-0.log
11 silly logfile start cleaning logs, removing 1 files
12 silly packumentCache heap:4496293888 maxSize:1124073472 maxEntrySize:562036736
13 silly logfile done cleaning log files
14 silly idealTree buildDeps
15 silly fetch manifest tsx@*
16 silly packumentCache full:https://registry.npmjs.org/tsx cache-miss
17 http fetch GET 200 https://registry.npmjs.org/tsx 168ms (cache miss)
18 silly packumentCache full:https://registry.npmjs.org/tsx set size:undefined disposed:false
19 silly placeDep ROOT tsx@4.23.1 OK for: bookstore_manager_cli@1.0.0 want: *
20 silly fetch manifest esbuild@~0.28.0
21 silly packumentCache full:https://registry.npmjs.org/esbuild cache-miss
22 silly fetch manifest fsevents@~2.3.3
23 silly packumentCache full:https://registry.npmjs.org/fsevents cache-miss
24 http fetch GET 200 https://registry.npmjs.org/fsevents 122ms (cache miss)
25 silly packumentCache full:https://registry.npmjs.org/fsevents set size:undefined disposed:false
26 http fetch GET 200 https://registry.npmjs.org/esbuild 160ms (cache miss)
27 silly packumentCache full:https://registry.npmjs.org/esbuild set size:undefined disposed:false
28 silly placeDep ROOT esbuild@0.28.1 OK for: tsx@4.23.1 want: ~0.28.0
29 silly placeDep ROOT fsevents@2.3.3 OK for: tsx@4.23.1 want: ~2.3.3
30 silly fetch manifest @esbuild/aix-ppc64@0.28.1
31 silly packumentCache full:https://registry.npmjs.org/@esbuild%2faix-ppc64 cache-miss
32 silly fetch manifest @esbuild/android-arm@0.28.1
33 silly packumentCache full:https://registry.npmjs.org/@esbuild%2fandroid-arm cache-miss
34 silly fetch manifest @esbuild/android-arm64@0.28.1
35 silly packumentCache full:https://registry.npmjs.org/@esbuild%2fandroid-arm64 cache-miss
36 silly fetch manifest @esbuild/android-x64@0.28.1
37 silly packumentCache full:https://registry.npmjs.org/@esbuild%2fandroid-x64 cache-miss
38 silly fetch manifest @esbuild/darwin-arm64@0.28.1
39 silly packumentCache full:https://registry.npmjs.org/@esbuild%2fdarwin-arm64 cache-miss
40 http fetch GET 200 https://registry.npmjs.org/@esbuild%2faix-ppc64 65ms (cache miss)
41 silly packumentCache full:https://registry.npmjs.org/@esbuild%2faix-ppc64 set size:undefined disposed:false
42 silly fetch manifest @esbuild/darwin-x64@0.28.1
43 silly packumentCache full:https://registry.npmjs.org/@esbuild%2fdarwin-x64 cache-miss
44 http fetch GET 200 https://registry.npmjs.org/@esbuild%2fandroid-arm 73ms (cache miss)
45 silly packumentCache full:https://registry.npmjs.org/@esbuild%2fandroid-arm set size:undefined disposed:false
46 silly fetch manifest @esbuild/freebsd-arm64@0.28.1
47 silly packumentCache full:https://registry.npmjs.org/@esbuild%2ffreebsd-arm64 cache-miss
48 http fetch GET 200 https://registry.npmjs.org/@esbuild%2fdarwin-x64 63ms (cache miss)
49 silly packumentCache full:https://registry.npmjs.org/@esbuild%2fdarwin-x64 set size:undefined disposed:false
50 silly fetch manifest @esbuild/freebsd-x64@0.28.1
51 silly packumentCache full:https://registry.npmjs.org/@esbuild%2ffreebsd-x64 cache-miss
52 http fetch GET 200 https://registry.npmjs.org/@esbuild%2ffreebsd-arm64 69ms (cache miss)
53 silly packumentCache full:https://registry.npmjs.org/@esbuild%2ffreebsd-arm64 set size:undefined disposed:false
54 silly fetch manifest @esbuild/linux-arm@0.28.1
55 silly packumentCache full:https://registry.npmjs.org/@esbuild%2flinux-arm cache-miss
56 http fetch GET 200 https://registry.npmjs.org/@esbuild%2fandroid-x64 150ms (cache miss)
57 silly packumentCache full:https://registry.npmjs.org/@esbuild%2fandroid-x64 set size:undefined disposed:false
58 silly fetch manifest @esbuild/linux-arm64@0.28.1
59 silly packumentCache full:https://registry.npmjs.org/@esbuild%2flinux-arm64 cache-miss
60 http fetch GET 200 https://registry.npmjs.org/@esbuild%2fdarwin-arm64 156ms (cache miss)
61 silly packumentCache full:https://registry.npmjs.org/@esbuild%2fdarwin-arm64 set size:undefined disposed:false
62 silly fetch manifest @esbuild/linux-ia32@0.28.1
63 silly packumentCache full:https://registry.npmjs.org/@esbuild%2flinux-ia32 cache-miss
64 http fetch GET 200 https://registry.npmjs.org/@esbuild%2fandroid-arm64 170ms (cache miss)
65 silly packumentCache full:https://registry.npmjs.org/@esbuild%2fandroid-arm64 set size:undefined disposed:false
66 silly fetch manifest @esbuild/linux-loong64@0.28.1
67 silly packumentCache full:https://registry.npmjs.org/@esbuild%2flinux-loong64 cache-miss
68 http fetch GET 200 https://registry.npmjs.org/@esbuild%2ffreebsd-x64 59ms (cache miss)
69 silly packumentCache full:https://registry.npmjs.org/@esbuild%2ffreebsd-x64 set size:undefined disposed:false
70 silly fetch manifest @esbuild/linux-mips64el@0.28.1
71 silly packumentCache full:https://registry.npmjs.org/@esbuild%2flinux-mips64el cache-miss
72 http fetch GET 200 https://registry.npmjs.org/@esbuild%2flinux-arm 58ms (cache miss)
73 silly packumentCache full:https://registry.npmjs.org/@esbuild%2flinux-arm set size:undefined disposed:false
74 silly fetch manifest @esbuild/linux-ppc64@0.28.1
75 silly packumentCache full:https://registry.npmjs.org/@esbuild%2flinux-ppc64 cache-miss
76 http fetch GET 200 https://registry.npmjs.org/@esbuild%2flinux-arm64 57ms (cache miss)
77 silly packumentCache full:https://registry.npmjs.org/@esbuild%2flinux-arm64 set size:undefined disposed:false
78 silly fetch manifest @esbuild/linux-riscv64@0.28.1
79 silly packumentCache full:https://registry.npmjs.org/@esbuild%2flinux-riscv64 cache-miss
80 http fetch GET 200 https://registry.npmjs.org/@esbuild%2flinux-ia32 74ms (cache miss)
81 silly packumentCache full:https://registry.npmjs.org/@esbuild%2flinux-ia32 set size:undefined disposed:false
82 silly fetch manifest @esbuild/linux-s390x@0.28.1
83 silly packumentCache full:https://registry.npmjs.org/@esbuild%2flinux-s390x cache-miss
84 http fetch GET 200 https://registry.npmjs.org/@esbuild%2flinux-loong64 97ms (cache miss)
85 silly packumentCache full:https://registry.npmjs.org/@esbuild%2flinux-loong64 set size:undefined disposed:false
86 silly fetch manifest @esbuild/linux-x64@0.28.1
87 silly packumentCache full:https://registry.npmjs.org/@esbuild%2flinux-x64 cache-miss
88 http fetch GET 200 https://registry.npmjs.org/@esbuild%2flinux-mips64el 81ms (cache miss)
89 silly packumentCache full:https://registry.npmjs.org/@esbuild%2flinux-mips64el set size:undefined disposed:false
90 silly fetch manifest @esbuild/netbsd-arm64@0.28.1
91 silly packumentCache full:https://registry.npmjs.org/@esbuild%2fnetbsd-arm64 cache-miss
92 http fetch GET 200 https://registry.npmjs.org/@esbuild%2flinux-riscv64 68ms (cache miss)
93 silly packumentCache full:https://registry.npmjs.org/@esbuild%2flinux-riscv64 set size:undefined disposed:false
94 silly fetch manifest @esbuild/netbsd-x64@0.28.1
95 silly packumentCache full:https://registry.npmjs.org/@esbuild%2fnetbsd-x64 cache-miss
96 http fetch GET 200 https://registry.npmjs.org/@esbuild%2flinux-ppc64 78ms (cache miss)
97 silly packumentCache full:https://registry.npmjs.org/@esbuild%2flinux-ppc64 set size:undefined disposed:false
98 silly fetch manifest @esbuild/openbsd-arm64@0.28.1
99 silly packumentCache full:https://registry.npmjs.org/@esbuild%2fopenbsd-arm64 cache-miss
100 http fetch GET 200 https://registry.npmjs.org/@esbuild%2flinux-s390x 64ms (cache miss)
101 silly packumentCache full:https://registry.npmjs.org/@esbuild%2flinux-s390x set size:undefined disposed:false
102 silly fetch manifest @esbuild/openbsd-x64@0.28.1
103 silly packumentCache full:https://registry.npmjs.org/@esbuild%2fopenbsd-x64 cache-miss
104 http fetch GET 200 https://registry.npmjs.org/@esbuild%2fnetbsd-arm64 47ms (cache miss)
105 silly packumentCache full:https://registry.npmjs.org/@esbuild%2fnetbsd-arm64 set size:undefined disposed:false
106 silly fetch manifest @esbuild/openharmony-arm64@0.28.1
107 silly packumentCache full:https://registry.npmjs.org/@esbuild%2fopenharmony-arm64 cache-miss
108 http fetch GET 200 https://registry.npmjs.org/@esbuild%2flinux-x64 62ms (cache miss)
109 silly packumentCache full:https://registry.npmjs.org/@esbuild%2flinux-x64 set size:undefined disposed:false
110 silly fetch manifest @esbuild/sunos-x64@0.28.1
111 silly packumentCache full:https://registry.npmjs.org/@esbuild%2fsunos-x64 cache-miss
112 http fetch GET 200 https://registry.npmjs.org/@esbuild%2fopenbsd-arm64 55ms (cache miss)
113 silly packumentCache full:https://registry.npmjs.org/@esbuild%2fopenbsd-arm64 set size:undefined disposed:false
114 silly fetch manifest @esbuild/win32-arm64@0.28.1
115 silly packumentCache full:https://registry.npmjs.org/@esbuild%2fwin32-arm64 cache-miss
116 http fetch GET 200 https://registry.npmjs.org/@esbuild%2fnetbsd-x64 72ms (cache miss)
117 silly packumentCache full:https://registry.npmjs.org/@esbuild%2fnetbsd-x64 set size:undefined disposed:false
118 silly fetch manifest @esbuild/win32-ia32@0.28.1
119 silly packumentCache full:https://registry.npmjs.org/@esbuild%2fwin32-ia32 cache-miss
120 http fetch GET 200 https://registry.npmjs.org/@esbuild%2fopenbsd-x64 60ms (cache miss)
121 silly packumentCache full:https://registry.npmjs.org/@esbuild%2fopenbsd-x64 set size:undefined disposed:false
122 silly fetch manifest @esbuild/win32-x64@0.28.1
123 silly packumentCache full:https://registry.npmjs.org/@esbuild%2fwin32-x64 cache-miss
124 http fetch GET 200 https://registry.npmjs.org/@esbuild%2fopenharmony-arm64 67ms (cache miss)
125 silly packumentCache full:https://registry.npmjs.org/@esbuild%2fopenharmony-arm64 set size:undefined disposed:false
126 http fetch GET 200 https://registry.npmjs.org/@esbuild%2fwin32-arm64 79ms (cache miss)
127 silly packumentCache full:https://registry.npmjs.org/@esbuild%2fwin32-arm64 set size:undefined disposed:false
128 http fetch GET 200 https://registry.npmjs.org/@esbuild%2fsunos-x64 87ms (cache miss)
129 silly packumentCache full:https://registry.npmjs.org/@esbuild%2fsunos-x64 set size:undefined disposed:false
130 http fetch GET 200 https://registry.npmjs.org/@esbuild%2fwin32-x64 65ms (cache miss)
131 silly packumentCache full:https://registry.npmjs.org/@esbuild%2fwin32-x64 set size:undefined disposed:false
132 http fetch GET 200 https://registry.npmjs.org/@esbuild%2fwin32-ia32 73ms (cache miss)
133 silly packumentCache full:https://registry.npmjs.org/@esbuild%2fwin32-ia32 set size:undefined disposed:false
134 silly placeDep ROOT @esbuild/aix-ppc64@0.28.1 OK for: esbuild@0.28.1 want: 0.28.1
135 silly placeDep ROOT @esbuild/android-arm@0.28.1 OK for: esbuild@0.28.1 want: 0.28.1
136 silly placeDep ROOT @esbuild/android-arm64@0.28.1 OK for: esbuild@0.28.1 want: 0.28.1
137 silly placeDep ROOT @esbuild/android-x64@0.28.1 OK for: esbuild@0.28.1 want: 0.28.1
138 silly placeDep ROOT @esbuild/darwin-arm64@0.28.1 OK for: esbuild@0.28.1 want: 0.28.1
139 silly placeDep ROOT @esbuild/darwin-x64@0.28.1 OK for: esbuild@0.28.1 want: 0.28.1
140 silly placeDep ROOT @esbuild/freebsd-arm64@0.28.1 OK for: esbuild@0.28.1 want: 0.28.1
141 silly placeDep ROOT @esbuild/freebsd-x64@0.28.1 OK for: esbuild@0.28.1 want: 0.28.1
142 silly placeDep ROOT @esbuild/linux-arm@0.28.1 OK for: esbuild@0.28.1 want: 0.28.1
143 silly placeDep ROOT @esbuild/linux-arm64@0.28.1 OK for: esbuild@0.28.1 want: 0.28.1
144 silly placeDep ROOT @esbuild/linux-ia32@0.28.1 OK for: esbuild@0.28.1 want: 0.28.1
145 silly placeDep ROOT @esbuild/linux-loong64@0.28.1 OK for: esbuild@0.28.1 want: 0.28.1
146 silly placeDep ROOT @esbuild/linux-mips64el@0.28.1 OK for: esbuild@0.28.1 want: 0.28.1
147 silly placeDep ROOT @esbuild/linux-ppc64@0.28.1 OK for: esbuild@0.28.1 want: 0.28.1
148 silly placeDep ROOT @esbuild/linux-riscv64@0.28.1 OK for: esbuild@0.28.1 want: 0.28.1
149 silly placeDep ROOT @esbuild/linux-s390x@0.28.1 OK for: esbuild@0.28.1 want: 0.28.1
150 silly placeDep ROOT @esbuild/linux-x64@0.28.1 OK for: esbuild@0.28.1 want: 0.28.1
151 silly placeDep ROOT @esbuild/netbsd-arm64@0.28.1 OK for: esbuild@0.28.1 want: 0.28.1
152 silly placeDep ROOT @esbuild/netbsd-x64@0.28.1 OK for: esbuild@0.28.1 want: 0.28.1
153 silly placeDep ROOT @esbuild/openbsd-arm64@0.28.1 OK for: esbuild@0.28.1 want: 0.28.1
154 silly placeDep ROOT @esbuild/openbsd-x64@0.28.1 OK for: esbuild@0.28.1 want: 0.28.1
155 silly placeDep ROOT @esbuild/openharmony-arm64@0.28.1 OK for: esbuild@0.28.1 want: 0.28.1
156 silly placeDep ROOT @esbuild/sunos-x64@0.28.1 OK for: esbuild@0.28.1 want: 0.28.1
157 silly placeDep ROOT @esbuild/win32-arm64@0.28.1 OK for: esbuild@0.28.1 want: 0.28.1
158 silly placeDep ROOT @esbuild/win32-ia32@0.28.1 OK for: esbuild@0.28.1 want: 0.28.1
159 silly placeDep ROOT @esbuild/win32-x64@0.28.1 OK for: esbuild@0.28.1 want: 0.28.1
160 silly reify moves {}
161 silly audit bulk request {
161 silly audit   '@cspotcode/source-map-support': [ '0.8.1' ],
161 silly audit   '@jridgewell/resolve-uri': [ '3.1.2' ],
161 silly audit   '@jridgewell/sourcemap-codec': [ '1.5.5' ],
161 silly audit   '@jridgewell/trace-mapping': [ '0.3.9' ],
161 silly audit   '@tsconfig/node10': [ '1.0.12' ],
161 silly audit   '@tsconfig/node12': [ '1.0.11' ],
161 silly audit   '@tsconfig/node14': [ '1.0.3' ],
161 silly audit   '@tsconfig/node16': [ '1.0.4' ],
161 silly audit   '@types/node': [ '26.1.1' ],
161 silly audit   '@typescript/typescript-aix-ppc64': [ '7.0.2' ],
161 silly audit   '@typescript/typescript-darwin-arm64': [ '7.0.2' ],
161 silly audit   '@typescript/typescript-darwin-x64': [ '7.0.2' ],
161 silly audit   '@typescript/typescript-freebsd-arm64': [ '7.0.2' ],
161 silly audit   '@typescript/typescript-freebsd-x64': [ '7.0.2' ],
161 silly audit   '@typescript/typescript-linux-arm': [ '7.0.2' ],
161 silly audit   '@typescript/typescript-linux-arm64': [ '7.0.2' ],
161 silly audit   '@typescript/typescript-linux-loong64': [ '7.0.2' ],
161 silly audit   '@typescript/typescript-linux-mips64el': [ '7.0.2' ],
161 silly audit   '@typescript/typescript-linux-ppc64': [ '7.0.2' ],
161 silly audit   '@typescript/typescript-linux-riscv64': [ '7.0.2' ],
161 silly audit   '@typescript/typescript-linux-s390x': [ '7.0.2' ],
161 silly audit   '@typescript/typescript-linux-x64': [ '7.0.2' ],
161 silly audit   '@typescript/typescript-netbsd-arm64': [ '7.0.2' ],
161 silly audit   '@typescript/typescript-netbsd-x64': [ '7.0.2' ],
161 silly audit   '@typescript/typescript-openbsd-arm64': [ '7.0.2' ],
161 silly audit   '@typescript/typescript-openbsd-x64': [ '7.0.2' ],
161 silly audit   '@typescript/typescript-sunos-x64': [ '7.0.2' ],
161 silly audit   '@typescript/typescript-win32-arm64': [ '7.0.2' ],
161 silly audit   '@typescript/typescript-win32-x64': [ '7.0.2' ],
161 silly audit   acorn: [ '8.17.0' ],
161 silly audit   'acorn-walk': [ '8.3.5' ],
161 silly audit   arg: [ '4.1.3' ],
161 silly audit   'create-require': [ '1.1.1' ],
161 silly audit   diff: [ '4.0.4' ],
161 silly audit   'make-error': [ '1.3.6' ],
161 silly audit   'ts-node': [ '10.9.2' ],
161 silly audit   typescript: [ '7.0.2' ],
161 silly audit   'undici-types': [ '8.3.0' ],
161 silly audit   'v8-compile-cache-lib': [ '3.0.1' ],
161 silly audit   yn: [ '3.1.1' ],
161 silly audit   tsx: [ '4.23.1' ],
161 silly audit   esbuild: [ '0.28.1' ],
161 silly audit   fsevents: [ '2.3.3' ],
161 silly audit   '@esbuild/aix-ppc64': [ '0.28.1' ],
161 silly audit   '@esbuild/android-arm': [ '0.28.1' ],
161 silly audit   '@esbuild/android-arm64': [ '0.28.1' ],
161 silly audit   '@esbuild/android-x64': [ '0.28.1' ],
161 silly audit   '@esbuild/darwin-arm64': [ '0.28.1' ],
161 silly audit   '@esbuild/darwin-x64': [ '0.28.1' ],
161 silly audit   '@esbuild/freebsd-arm64': [ '0.28.1' ],
161 silly audit   '@esbuild/freebsd-x64': [ '0.28.1' ],
161 silly audit   '@esbuild/linux-arm': [ '0.28.1' ],
161 silly audit   '@esbuild/linux-arm64': [ '0.28.1' ],
161 silly audit   '@esbuild/linux-ia32': [ '0.28.1' ],
161 silly audit   '@esbuild/linux-loong64': [ '0.28.1' ],
161 silly audit   '@esbuild/linux-mips64el': [ '0.28.1' ],
161 silly audit   '@esbuild/linux-ppc64': [ '0.28.1' ],
161 silly audit   '@esbuild/linux-riscv64': [ '0.28.1' ],
161 silly audit   '@esbuild/linux-s390x': [ '0.28.1' ],
161 silly audit   '@esbuild/linux-x64': [ '0.28.1' ],
161 silly audit   '@esbuild/netbsd-arm64': [ '0.28.1' ],
161 silly audit   '@esbuild/netbsd-x64': [ '0.28.1' ],
161 silly audit   '@esbuild/openbsd-arm64': [ '0.28.1' ],
161 silly audit   '@esbuild/openbsd-x64': [ '0.28.1' ],
161 silly audit   '@esbuild/openharmony-arm64': [ '0.28.1' ],
161 silly audit   '@esbuild/sunos-x64': [ '0.28.1' ],
161 silly audit   '@esbuild/win32-arm64': [ '0.28.1' ],
161 silly audit   '@esbuild/win32-ia32': [ '0.28.1' ],
161 silly audit   '@esbuild/win32-x64': [ '0.28.1' ]
161 silly audit }
162 http cache @esbuild/win32-x64@https://registry.npmjs.org/@esbuild/win32-x64/-/win32-x64-0.28.1.tgz 1ms (cache hit)
163 http cache esbuild@https://registry.npmjs.org/esbuild/-/esbuild-0.28.1.tgz 0ms (cache hit)
164 http cache tsx@https://registry.npmjs.org/tsx/-/tsx-4.23.1.tgz 0ms (cache hit)
165 silly tarball no local data for @esbuild/win32-x64@https://registry.npmjs.org/@esbuild/win32-x64/-/win32-x64-0.28.1.tgz. Extracting by manifest.
166 silly tarball no local data for esbuild@https://registry.npmjs.org/esbuild/-/esbuild-0.28.1.tgz. Extracting by manifest.
167 silly tarball no local data for tsx@https://registry.npmjs.org/tsx/-/tsx-4.23.1.tgz. Extracting by manifest.
168 http fetch GET 200 https://registry.npmjs.org/esbuild/-/esbuild-0.28.1.tgz 67ms (cache miss)
169 http fetch GET 200 https://registry.npmjs.org/tsx/-/tsx-4.23.1.tgz 135ms (cache miss)
170 http fetch POST 200 https://registry.npmjs.org/-/npm/v1/security/advisories/bulk 262ms
171 silly audit report {}
172 http fetch GET 200 https://registry.npmjs.org/@esbuild/win32-x64/-/win32-x64-0.28.1.tgz 480ms (cache miss)
173 info run esbuild@0.28.1 postinstall node_modules/esbuild node install.js
174 info run esbuild@0.28.1 postinstall { code: 0, signal: null }
175 silly ADD node_modules/@esbuild/win32-x64
176 silly ADD node_modules/esbuild
177 silly ADD node_modules/tsx
178 verbose cwd D:\Vitor_Tec\Bookstore_Manager_CLI
179 verbose os Windows_NT 10.0.26200
180 verbose node v24.11.1
181 verbose npm  v11.12.1
182 verbose exit 0
183 info ok
